<?xml version="1.0" encoding="UTF-8"?>
<!-- Generated by org.testng.reporters.JUnitReportReporter -->
<testsuite skipped="0" hostname="VashisthaM-PC" name="com.crm.qa.testcases.LoginPageTest" tests="2" failures="0" timestamp="08 Apr 2021 11:08:16 GMT" time="21.654" errors="0">
  <testcase name="loginPageTitleTest" time="10.481" classname="com.crm.qa.testcases.LoginPageTest"/>
  <testcase name="loginTest" time="11.173" classname="com.crm.qa.testcases.LoginPageTest"/>
</testsuite> <!-- com.crm.qa.testcases.LoginPageTest -->
