<?xml version="1.0" encoding="UTF-8"?>
<!-- Generated by org.testng.reporters.JUnitReportReporter -->
<testsuite skipped="0" hostname="VashisthaM-PC" name="com.missiongroup.qa.testcases.RegisterPropertyManagerTest" tests="1" failures="0" timestamp="18 May 2021 13:57:31 GMT" time="25.883" errors="0">
  <testcase name="getAzureUserList" time="25.883" classname="com.missiongroup.qa.testcases.RegisterPropertyManagerTest"/>
</testsuite> <!-- com.missiongroup.qa.testcases.RegisterPropertyManagerTest -->
