<?xml version="1.0" encoding="UTF-8"?>
<!-- Generated by org.testng.reporters.JUnitReportReporter -->
<testsuite skipped="0" hostname="VashisthaM-PC" name="com.missiongroup.qa.testcases.PropertyManagerHomePageTest" tests="2" failures="0" timestamp="24 May 2021 11:57:52 GMT" time="66.352" errors="0">
  <testcase name="setUp" time="33.172" classname="com.missiongroup.qa.testcases.PropertyManagerHomePageTest"/>
  <testcase name="SendCommunication" time="33.180" classname="com.missiongroup.qa.testcases.PropertyManagerHomePageTest"/>
</testsuite> <!-- com.missiongroup.qa.testcases.PropertyManagerHomePageTest -->
